<?xml version="1.0" encoding="UTF-8"?>
<!-- Generated by org.testng.reporters.JUnitReportReporter -->
<testsuite hostname="DESKTOP-AOENI2B" failures="0" tests="2" name="com.dhimas.belajar.belajarcucumber.RunnerPostTest18$RunnerPalindromTest" time="2.242" errors="0" timestamp="2022-12-02T19:24:15 WIB" skipped="0">
  <testcase classname="com.dhimas.belajar.belajarcucumber.RunnerPostTest18$RunnerPalindromTest" name="runScenario" time="2.194"/>
  <system-out/>
  <testcase classname="com.dhimas.belajar.belajarcucumber.RunnerPostTest18$RunnerPalindromTest" name="runScenario" time="0.048"/>
  <system-out/>
</testsuite> <!-- com.dhimas.belajar.belajarcucumber.RunnerPostTest18$RunnerPalindromTest -->
