<?xml version="1.0" encoding="UTF-8"?>
<!-- Generated by org.testng.reporters.JUnitReportReporter -->
<testsuite hostname="DESKTOP-AOENI2B" failures="0" tests="2" name="com.dhimas.belajar.belajarcucumber.RunnerPostTest18" time="2.055" errors="0" timestamp="2022-12-02T20:28:34 WIB" skipped="0">
  <testcase classname="com.dhimas.belajar.belajarcucumber.RunnerPostTest18" name="runScenario" time="2.036"/>
  <system-out/>
  <testcase classname="com.dhimas.belajar.belajarcucumber.RunnerPostTest18" name="runScenario" time="0.019"/>
  <system-out/>
</testsuite> <!-- com.dhimas.belajar.belajarcucumber.RunnerPostTest18 -->
